{
  "RSpec": {
    "coverage": {
      "/Users/katgifford1/Desktop/lovejoy_active/spec/features/edit_product_pages_spec.rb": [
        1,
        1,
        null,
        1,
        null,
        1,
        1,
        1,
        1,
        1,
        1,
        1,
        1,
        1,
        1,
        1,
        1,
        1,
        1,
        null,
        null,
        null,
        1
      ],
      "/Users/katgifford1/Desktop/lovejoy_active/spec/rails_helper.rb": [
        1,
        1,
        1,
        1,
        1,
        1,
        null,
        1,
        null,
        1,
        1,
        null,
        1,
        null,
        1,
        null,
        1,
        null,
        null,
        1,
        1,
        1,
        1,
        null,
        null
      ],
      "/Users/katgifford1/Desktop/lovejoy_active/config/environment.rb": [
        null,
        1,
        null,
        null,
        1
      ],
      "/Users/katgifford1/Desktop/lovejoy_active/config/application.rb": [
        1,
        null,
        1,
        null,
        1,
        1,
        1,
        1,
        1,
        1,
        1,
        1,
        null,
        null,
        null,
        null,
        1,
        null,
        1,
        1,
        null,
        1,
        null,
        null,
        null,
        null,
        null,
        null,
        1,
        null,
        null
      ],
      "/Users/katgifford1/Desktop/lovejoy_active/config/boot.rb": [
        1,
        null,
        1
      ],
      "/Users/katgifford1/Desktop/lovejoy_active/config/environments/test.rb": [
        1,
        null,
        1,
        null,
        null,
        null,
        null,
        1,
        null,
        null,
        1,
        1,
        null,
        null,
        null,
        null,
        1,
        1,
        null,
        null,
        1,
        null,
        null,
        1,
        1,
        null,
        null,
        null,
        null,
        1,
        null,
        null,
        1,
        null,
        null,
        null,
        null
      ],
      "/Users/katgifford1/Desktop/lovejoy_active/config/initializers/application_controller_renderer.rb": [
        null,
        null,
        null,
        null,
        null,
        null
      ],
      "/Users/katgifford1/Desktop/lovejoy_active/config/initializers/assets.rb": [
        null,
        null,
        null,
        1,
        null,
        null,
        null,
        null,
        1,
        null,
        null,
        null,
        null,
        null
      ],
      "/Users/katgifford1/Desktop/lovejoy_active/config/initializers/backtrace_silencers.rb": [
        null,
        null,
        null,
        null,
        null,
        null,
        null
      ],
      "/Users/katgifford1/Desktop/lovejoy_active/config/initializers/cookies_serializer.rb": [
        null,
        null,
        null,
        null,
        1
      ],
      "/Users/katgifford1/Desktop/lovejoy_active/config/initializers/filter_parameter_logging.rb": [
        null,
        null,
        null,
        1
      ],
      "/Users/katgifford1/Desktop/lovejoy_active/config/initializers/inflections.rb": [
        null,
        null,
        null,
        null,
        null,
        null,
        null,
        null,
        null,
        null,
        null,
        null,
        null,
        null,
        null,
        null
      ],
      "/Users/katgifford1/Desktop/lovejoy_active/config/initializers/mime_types.rb": [
        null,
        null,
        null,
        null
      ],
      "/Users/katgifford1/Desktop/lovejoy_active/config/initializers/wrap_parameters.rb": [
        null,
        null,
        null,
        null,
        null,
        null,
        1,
        2,
        null,
        null,
        null,
        null,
        null,
        null
      ],
      "/Users/katgifford1/Desktop/lovejoy_active/app/channels/application_cable/channel.rb": [
        1,
        1,
        null,
        null
      ],
      "/Users/katgifford1/Desktop/lovejoy_active/app/channels/application_cable/connection.rb": [
        1,
        1,
        null,
        null
      ],
      "/Users/katgifford1/Desktop/lovejoy_active/app/controllers/application_controller.rb": [
        1,
        1,
        null,
        null
      ],
      "/Users/katgifford1/Desktop/lovejoy_active/app/helpers/application_helper.rb": [
        1,
        null
      ],
      "/Users/katgifford1/Desktop/lovejoy_active/app/controllers/products_controller.rb": [
        1,
        1,
        7,
        null,
        null,
        1,
        7,
        null,
        null,
        1,
        1,
        null,
        null,
        1,
        1,
        1,
        1,
        1,
        null,
        0,
        null,
        null,
        null,
        1,
        1,
        null,
        null,
        1,
        1,
        1,
        1,
        1,
        null,
        0,
        null,
        null,
        null,
        1,
        0,
        0,
        0,
        0,
        null,
        null,
        null,
        1,
        1,
        2,
        null,
        null
      ],
      "/Users/katgifford1/Desktop/lovejoy_active/app/controllers/reviews_controller.rb": [
        1,
        1,
        3,
        3,
        3,
        3,
        3,
        null,
        null,
        1,
        0,
        null,
        null,
        1,
        1,
        1,
        null,
        null,
        1,
        1,
        1,
        1,
        1,
        1,
        null,
        0,
        null,
        null,
        null,
        1,
        1,
        1,
        null,
        null,
        1,
        1,
        1,
        1,
        1,
        null,
        0,
        null,
        null,
        null,
        1,
        0,
        0,
        0,
        0,
        null,
        null,
        null,
        1,
        1,
        2,
        null,
        null
      ],
      "/Users/katgifford1/Desktop/lovejoy_active/app/jobs/application_job.rb": [
        1,
        null
      ],
      "/Users/katgifford1/Desktop/lovejoy_active/app/mailers/application_mailer.rb": [
        1,
        1,
        1,
        null
      ],
      "/Users/katgifford1/Desktop/lovejoy_active/app/models/application_record.rb": [
        1,
        1,
        null
      ],
      "/Users/katgifford1/Desktop/lovejoy_active/app/models/product.rb": [
        1,
        1,
        1,
        1,
        null,
        null,
        4,
        null,
        1,
        null,
        null,
        null,
        null,
        3,
        null,
        null,
        4,
        null,
        null,
        null
      ],
      "/Users/katgifford1/Desktop/lovejoy_active/app/models/review.rb": [
        1,
        1,
        null,
        1,
        null,
        1,
        null,
        1,
        null,
        1,
        null,
        1,
        null,
        1,
        null
      ],
      "/Users/katgifford1/Desktop/lovejoy_active/config/routes.rb": [
        1,
        1,
        1,
        null,
        null,
        1,
        null
      ],
      "/Users/katgifford1/Desktop/lovejoy_active/spec/features/edit_review_pages_spec.rb": [
        1,
        1,
        null,
        1,
        null,
        1,
        1,
        1,
        1,
        1,
        1,
        1,
        1,
        1,
        1,
        1,
        1,
        null,
        null,
        null,
        1
      ],
      "/Users/katgifford1/Desktop/lovejoy_active/spec/features/new_product_pages_spec.rb": [
        1,
        1,
        null,
        1,
        null,
        1,
        1,
        1,
        1,
        1,
        1,
        1,
        1,
        1,
        1,
        1,
        1,
        null,
        null,
        null,
        1
      ],
      "/Users/katgifford1/Desktop/lovejoy_active/spec/features/new_review_pages_spec.rb": [
        1,
        1,
        null,
        1,
        null,
        1,
        1,
        1,
        1,
        1,
        1,
        1,
        1,
        1,
        1,
        1,
        1,
        null,
        null,
        null,
        1
      ],
      "/Users/katgifford1/Desktop/lovejoy_active/spec/features/view_product_pages_spec.rb": [
        1,
        1,
        null,
        1,
        null,
        1,
        1,
        1,
        1,
        1,
        1,
        1,
        null,
        null,
        null,
        1
      ],
      "/Users/katgifford1/Desktop/lovejoy_active/spec/features/visit_products_pages_spec.rb": [
        1,
        1,
        null,
        1,
        null,
        1,
        1,
        1,
        1,
        1,
        1,
        null,
        null,
        1
      ],
      "/Users/katgifford1/Desktop/lovejoy_active/spec/models/product_spec.rb": [
        1,
        null,
        1,
        2,
        2,
        2,
        2,
        2,
        2,
        2,
        null,
        null
      ],
      "/Users/katgifford1/Desktop/lovejoy_active/spec/models/review_spec.rb": [
        1,
        null,
        1,
        2,
        2,
        2,
        2,
        2,
        2,
        2,
        null
      ]
    },
    "timestamp": 1499402333
  }
}
